e:\users\victor\documents\visual studio 2015\projects\teste\pxgdll\pxgdll\debug\pxgdll.pch
e:\users\victor\documents\visual studio 2015\projects\teste\pxgdll\pxgdll\debug\vc141.pdb
e:\users\victor\documents\visual studio 2015\projects\teste\pxgdll\pxgdll\debug\vc141.idb
e:\users\victor\documents\visual studio 2015\projects\teste\pxgdll\pxgdll\debug\stdafx.obj
e:\users\victor\documents\visual studio 2015\projects\teste\pxgdll\pxgdll\debug\dx9.obj
e:\users\victor\documents\visual studio 2015\projects\teste\pxgdll\pxgdll\debug\dllmain.obj
e:\users\victor\documents\visual studio 2015\projects\teste\pxgdll\pxgdll\debug\imgui_impl_win32.obj
e:\users\victor\documents\visual studio 2015\projects\teste\pxgdll\pxgdll\debug\imgui_impl_dx9.obj
e:\users\victor\documents\visual studio 2015\projects\teste\pxgdll\pxgdll\debug\imgui.obj
e:\users\victor\documents\visual studio 2015\projects\teste\pxgdll\debug\pxgdll.pdb
e:\users\victor\documents\visual studio 2015\projects\teste\pxgdll\pxgdll\debug\pxgdll.tlog\cl.command.1.tlog
e:\users\victor\documents\visual studio 2015\projects\teste\pxgdll\pxgdll\debug\pxgdll.tlog\cl.read.1.tlog
e:\users\victor\documents\visual studio 2015\projects\teste\pxgdll\pxgdll\debug\pxgdll.tlog\cl.write.1.tlog
e:\users\victor\documents\visual studio 2015\projects\teste\pxgdll\pxgdll\debug\pxgdll.tlog\link-cvtres.read.1.tlog
e:\users\victor\documents\visual studio 2015\projects\teste\pxgdll\pxgdll\debug\pxgdll.tlog\link-cvtres.write.1.tlog
e:\users\victor\documents\visual studio 2015\projects\teste\pxgdll\pxgdll\debug\pxgdll.tlog\link-rc.read.1.tlog
e:\users\victor\documents\visual studio 2015\projects\teste\pxgdll\pxgdll\debug\pxgdll.tlog\link-rc.write.1.tlog
e:\users\victor\documents\visual studio 2015\projects\teste\pxgdll\pxgdll\debug\pxgdll.tlog\link.command.1.tlog
e:\users\victor\documents\visual studio 2015\projects\teste\pxgdll\pxgdll\debug\pxgdll.tlog\link.read.1.tlog
e:\users\victor\documents\visual studio 2015\projects\teste\pxgdll\pxgdll\debug\pxgdll.tlog\link.write.1.tlog
